<?xml version="1.0" encoding="UTF-8"?>
<testng-results ignored="0" total="1" passed="1" failed="0" skipped="0">
  <reporter-output>
  </reporter-output>
  <suite started-at="2022-09-20T19:40:43 IST" name="Suite" finished-at="2022-09-20T19:40:43 IST" duration-ms="46">
    <groups>
    </groups>
    <test started-at="2022-09-20T19:40:43 IST" name="Test" finished-at="2022-09-20T19:40:43 IST" duration-ms="46">
      <class name="com.testvagrant.VerifyTeamCombinationTests">
        <test-method signature="sample()[pri:0, instance:com.testvagrant.VerifyTeamCombinationTests@10e41621]" started-at="2022-09-20T19:40:43 IST" name="sample" finished-at="2022-09-20T19:40:43 IST" duration-ms="7" status="PASS">
          <reporter-output>
          </reporter-output>
        </test-method> <!-- sample -->
      </class> <!-- com.testvagrant.VerifyTeamCombinationTests -->
    </test> <!-- Test -->
  </suite> <!-- Suite -->
</testng-results>
